<?xml version="1.0" encoding="UTF-8"?>
<!-- Generated by org.testng.reporters.JUnitXMLReporter -->
<testsuite hostname="LAPTOP-E0JQN8HH" ignored="0" name="Command line test" tests="1" failures="1" timestamp="09 Oct 2019 11:21:09 GMT" time="0.023" errors="0">
  <testcase name="Verify_loginPage" time="0.0" classname="com.Test.Testscripts.TestScripts">
    <failure type="org.testng.TestNGException" message="
Parameter &amp;apos;pid&amp;apos; is required by @Test on method Verify_loginPage but has not been marked @Optional or defined
">
      <![CDATA[org.testng.TestNGException: 
Parameter 'pid' is required by @Test on method Verify_loginPage but has not been marked @Optional or defined

... Removed 32 stack frames]]>
    </failure>
  </testcase> <!-- Verify_loginPage -->
</testsuite> <!-- Command line test -->
